SF:lib/src/core/either.dart
DA:6,0
DA:7,0
DA:9,0
DA:15,1
DA:17,2
DA:19,1
DA:20,2
DA:22,0
DA:23,0
DA:25,0
DA:26,0
DA:32,1
DA:34,2
DA:36,1
DA:37,2
DA:39,0
DA:40,0
DA:42,0
DA:43,0
DA:46,0
DA:49,0
LF:21
LH:8
end_of_record
SF:lib/src/core/uri_paths.dart
DA:2,0
LF:1
LH:0
end_of_record
SF:lib/src/features/users/data/datasources/users_datasource.dart
DA:16,2
DA:18,1
DA:21,1
DA:23,2
DA:24,1
DA:28,1
DA:29,2
DA:30,4
LF:8
LH:8
end_of_record
SF:lib/src/features/users/domain/entities/users_data_entity.dart
DA:10,1
LF:1
LH:1
end_of_record
SF:lib/src/providers/network/api_error_exception.dart
DA:11,1
DA:20,2
DA:25,1
DA:26,1
DA:29,0
DA:30,0
DA:31,0
DA:32,0
DA:33,0
DA:34,0
DA:35,0
DA:36,0
DA:40,0
DA:47,0
DA:52,0
DA:53,0
DA:54,0
DA:55,0
DA:59,0
DA:60,0
DA:61,0
DA:62,0
LF:22
LH:4
end_of_record
SF:lib/src/providers/network/data/models/network_request_model.dart
DA:6,2
DA:14,0
DA:15,0
DA:17,0
DA:19,0
DA:20,0
DA:23,0
DA:24,0
DA:26,0
DA:27,0
DA:29,0
DA:30,0
DA:36,0
DA:37,0
DA:38,0
DA:39,0
DA:40,0
DA:41,0
DA:42,0
DA:45,0
DA:47,0
DA:48,0
LF:22
LH:1
end_of_record
SF:lib/src/providers/network/data/models/network_response_model.dart
DA:9,1
DA:17,0
DA:20,0
DA:23,0
DA:24,0
DA:26,0
DA:27,0
DA:29,0
DA:30,0
DA:32,0
DA:33,0
DA:35,0
DA:36,0
DA:38,0
DA:39,0
DA:45,0
DA:46,0
DA:47,0
DA:48,0
DA:49,0
DA:50,0
DA:51,0
DA:54,0
DA:56,0
DA:57,0
DA:59,0
DA:61,0
DA:63,0
DA:65,0
DA:67,0
DA:69,0
LF:31
LH:1
end_of_record
SF:lib/src/providers/network/domain/usecase/network_service.dart
DA:34,1
DA:35,2
DA:38,0
DA:43,0
DA:46,0
DA:47,0
DA:48,0
DA:50,0
DA:54,0
DA:59,0
DA:62,0
DA:63,0
DA:64,0
DA:66,0
DA:70,0
DA:75,0
DA:78,0
DA:79,0
DA:80,0
DA:82,0
DA:86,0
DA:91,0
DA:94,0
DA:95,0
DA:96,0
DA:98,0
DA:102,0
DA:107,0
DA:110,0
DA:111,0
DA:112,0
DA:114,0
LF:32
LH:2
end_of_record
SF:lib/src/features/users/data/models/users_data_model.dart
DA:7,1
DA:15,0
DA:17,0
DA:18,0
DA:19,0
DA:20,0
DA:21,0
DA:22,0
DA:23,0
DA:27,1
DA:28,1
DA:29,1
DA:30,1
DA:31,1
DA:32,1
DA:33,2
DA:34,3
DA:35,1
LF:18
LH:10
end_of_record
SF:lib/src/features/users/data/models/users_info_model.dart
DA:6,1
DA:14,0
DA:16,0
DA:17,0
DA:18,0
DA:19,0
DA:20,0
DA:21,0
DA:22,0
DA:26,1
DA:27,1
DA:28,1
DA:29,1
DA:30,1
DA:31,1
DA:32,1
LF:16
LH:8
end_of_record
SF:lib/src/features/users/domain/entities/users_info_entity.dart
DA:8,1
LF:1
LH:1
end_of_record
SF:lib/src/providers/network/api_manager.dart
DA:13,0
DA:14,0
DA:16,0
DA:17,0
DA:18,0
DA:19,0
DA:22,0
DA:26,0
DA:27,0
DA:28,0
DA:29,0
DA:32,0
DA:36,0
DA:37,0
DA:38,0
DA:39,0
DA:41,0
DA:45,0
DA:49,0
DA:54,0
DA:55,0
DA:62,0
DA:63,0
DA:66,0
DA:68,0
DA:71,0
DA:73,0
DA:76,0
LF:28
LH:0
end_of_record
SF:lib/src/providers/network/domain/entities/network_request_entity.dart
DA:10,2
DA:18,1
DA:22,6
DA:25,0
DA:27,0
LF:5
LH:3
end_of_record
SF:lib/src/providers/network/domain/entities/network_response_entity.dart
DA:9,1
LF:1
LH:1
end_of_record
SF:lib/main.dart
DA:10,0
DA:11,0
DA:15,2
DA:17,1
DA:18,1
DA:24,1
DA:26,1
DA:27,1
DA:31,1
DA:33,1
DA:34,1
DA:35,1
DA:37,2
DA:39,1
DA:41,2
DA:44,1
DA:47,1
DA:48,2
DA:49,1
DA:56,1
DA:60,1
LF:21
LH:19
end_of_record
SF:lib/src/core/inject/inject.dart
DA:13,1
DA:14,1
DA:15,1
DA:16,1
DA:17,1
DA:18,1
DA:21,1
DA:22,1
DA:23,2
DA:26,1
DA:27,2
DA:28,1
DA:33,1
DA:34,1
DA:35,2
DA:36,1
DA:41,1
DA:42,1
DA:43,2
DA:44,1
DA:49,1
DA:50,1
DA:51,2
DA:52,1
DA:57,1
DA:58,1
DA:59,2
DA:62,1
DA:63,2
DA:64,1
LF:30
LH:30
end_of_record
SF:lib/src/features/todo/presentation/cubit/todo_state.dart
DA:11,1
DA:18,0
DA:24,0
DA:25,0
DA:26,0
DA:27,0
DA:28,0
DA:32,0
DA:33,0
DA:37,0
DA:38,0
DA:39,0
DA:40,0
DA:41,0
DA:42,0
DA:43,0
LF:16
LH:1
end_of_record
SF:lib/src/features/todo/presentation/cubit/todo_cubit.dart
DA:15,2
DA:19,0
DA:24,0
DA:25,0
DA:30,0
DA:31,0
DA:34,0
DA:37,0
DA:38,0
DA:39,0
DA:42,0
DA:43,0
DA:44,0
DA:47,0
DA:48,0
DA:53,0
DA:54,0
DA:63,0
DA:64,0
DA:65,0
DA:70,0
DA:73,0
DA:74,0
DA:75,0
DA:78,0
DA:79,0
DA:82,0
DA:84,0
DA:87,0
DA:88,0
DA:89,0
DA:94,0
DA:95,0
DA:97,0
DA:99,0
DA:100,0
DA:103,0
DA:108,0
DA:109,0
DA:110,0
DA:115,0
DA:116,0
DA:118,0
DA:120,0
DA:121,0
DA:128,0
DA:129,0
DA:130,0
DA:135,0
DA:137,0
DA:139,0
DA:140,0
DA:141,0
DA:142,0
DA:143,0
DA:144,0
DA:148,0
DA:150,0
DA:153,0
DA:154,0
DA:155,0
DA:157,0
DA:160,0
DA:162,0
DA:163,0
DA:165,0
DA:171,0
DA:172,0
DA:174,0
LF:69
LH:1
end_of_record
SF:lib/src/splash/presentation/pages/splash_page.dart
DA:6,1
DA:8,0
DA:10,1
DA:11,1
DA:19,1
DA:21,1
DA:22,1
DA:23,1
DA:24,4
DA:25,1
DA:26,0
DA:29,0
DA:30,0
DA:31,0
DA:35,2
DA:38,0
DA:40,0
DA:41,0
DA:44,1
DA:46,1
DA:48,1
DA:49,1
DA:53,1
DA:54,1
DA:56,2
DA:64,0
DA:65,0
DA:66,0
DA:67,0
DA:68,0
LF:30
LH:17
end_of_record
SF:lib/src/features/users/presentation/cubit/users_state.dart
DA:19,1
DA:26,0
DA:32,0
DA:33,0
DA:34,0
DA:35,0
DA:36,0
DA:40,0
DA:41,0
DA:45,0
DA:46,0
DA:47,0
DA:48,0
DA:49,0
DA:50,0
DA:51,0
LF:16
LH:1
end_of_record
SF:lib/src/features/users/presentation/cubit/users_cubit.dart
DA:13,2
DA:15,0
DA:16,0
DA:17,0
DA:22,0
DA:24,0
DA:26,0
DA:27,0
DA:29,0
DA:31,0
LF:10
LH:1
end_of_record
SF:lib/src/providers/injector/dependencies_injector.dart
DA:6,0
DA:8,3
DA:10,1
DA:11,2
DA:14,1
DA:18,2
DA:19,2
DA:22,1
DA:27,2
DA:28,2
DA:35,0
DA:40,0
LF:12
LH:9
end_of_record
SF:lib/src/features/users/data/repositories/users_repository_impl.dart
DA:11,1
DA:13,0
DA:16,0
LF:3
LH:1
end_of_record
SF:lib/src/features/users/domain/usecases/get_users.dart
DA:13,1
DA:15,0
DA:17,0
LF:3
LH:1
end_of_record
SF:lib/src/providers/network/data/datasources/dio_client.dart
DA:15,1
DA:17,0
DA:20,1
DA:21,3
DA:22,2
DA:23,2
DA:24,2
DA:26,3
DA:27,0
DA:30,0
DA:35,0
DA:36,0
DA:37,0
DA:38,0
DA:39,0
DA:41,0
DA:42,0
DA:43,0
DA:47,0
DA:52,0
DA:53,0
DA:54,0
DA:55,0
DA:56,0
DA:57,0
DA:59,0
DA:60,0
DA:61,0
DA:65,0
DA:70,0
DA:71,0
DA:72,0
DA:73,0
DA:74,0
DA:76,0
DA:77,0
DA:78,0
DA:82,0
DA:87,0
DA:88,0
DA:89,0
DA:90,0
DA:91,0
DA:92,0
DA:94,0
DA:95,0
DA:96,0
DA:100,0
DA:105,0
DA:106,0
DA:107,0
DA:108,0
DA:109,0
DA:110,0
DA:112,0
DA:113,0
DA:114,0
DA:118,0
DA:123,0
DA:124,0
DA:125,0
DA:126,0
DA:127,0
DA:128,0
DA:129,0
DA:130,0
DA:133,0
DA:134,0
DA:135,0
DA:139,0
DA:140,0
DA:141,0
DA:142,0
DA:143,0
DA:144,0
DA:145,0
LF:76
LH:7
end_of_record
SF:lib/src/core/strings_constants.dart
DA:2,0
LF:1
LH:0
end_of_record
SF:lib/src/features/todo/data/models/list_data_model.dart
DA:6,0
DA:12,0
DA:14,0
DA:15,0
DA:16,0
DA:17,0
DA:18,0
DA:22,0
DA:23,0
DA:24,0
DA:25,0
DA:26,0
LF:12
LH:0
end_of_record
SF:lib/src/features/todo/domain/entities/list_data_entity.dart
DA:6,0
LF:1
LH:0
end_of_record
SF:lib/src/providers/local_storage_provider.dart
DA:8,0
DA:9,0
DA:10,0
DA:13,0
DA:14,0
DA:15,0
DA:18,0
DA:19,0
DA:20,0
DA:23,0
DA:25,0
LF:11
LH:0
end_of_record
SF:lib/src/features/todo/presentation/pages/todo_list_page.dart
DA:15,1
DA:17,0
DA:19,0
DA:20,0
DA:28,0
DA:30,0
DA:31,0
DA:34,0
DA:36,0
DA:37,0
DA:38,0
DA:41,0
DA:43,0
DA:44,0
DA:45,0
DA:46,0
DA:47,0
DA:48,0
DA:49,0
DA:50,0
DA:51,0
DA:52,0
DA:56,0
DA:61,0
DA:62,0
DA:63,0
DA:64,0
DA:65,0
DA:67,0
DA:75,0
DA:76,0
DA:78,0
DA:84,0
DA:89,0
DA:90,0
DA:91,0
DA:92,0
DA:95,0
DA:96,0
DA:97,0
DA:98,0
DA:108,0
DA:109,0
DA:110,0
DA:111,0
DA:114,0
DA:115,0
DA:116,0
DA:122,0
DA:123,0
DA:124,0
DA:125,0
DA:128,0
DA:129,0
DA:130,0
DA:131,0
DA:140,0
DA:141,0
DA:142,0
DA:145,0
DA:146,0
DA:151,0
DA:152,0
DA:153,0
DA:154,0
DA:156,0
DA:170,0
DA:171,0
DA:175,0
DA:176,0
DA:177,0
DA:178,0
DA:179,0
DA:185,0
DA:194,0
DA:207,0
DA:208,0
DA:209,0
DA:210,0
DA:211,0
DA:215,0
DA:216,0
DA:219,0
DA:222,0
DA:226,0
DA:227,0
DA:228,0
DA:230,0
DA:231,0
DA:235,0
DA:236,0
DA:237,0
DA:239,0
DA:240,0
DA:247,0
DA:248,0
DA:250,0
DA:251,0
DA:257,0
DA:258,0
DA:261,0
DA:262,0
DA:263,0
DA:266,0
DA:267,0
DA:269,0
DA:272,0
DA:273,0
DA:282,0
DA:283,0
DA:284,0
DA:287,0
DA:288,0
DA:289,0
DA:294,0
DA:298,0
DA:299,0
DA:300,0
DA:301,0
DA:305,0
DA:306,0
DA:307,0
DA:308,0
DA:311,0
DA:312,0
DA:315,0
DA:316,0
LF:127
LH:1
end_of_record
SF:lib/src/features/todo/presentation/widgets/custom_bottomsheet_widget.dart
DA:7,0
DA:14,0
DA:16,0
DA:18,0
DA:22,0
DA:23,0
DA:24,0
DA:28,0
DA:31,0
DA:32,0
DA:33,0
DA:34,0
DA:36,0
DA:40,0
LF:14
LH:0
end_of_record
SF:lib/src/features/todo/presentation/widgets/sort_option_widget.dart
DA:10,0
DA:18,0
DA:20,0
DA:22,0
DA:23,0
DA:24,0
DA:25,0
DA:26,0
DA:27,0
DA:35,0
DA:37,0
DA:38,0
DA:39,0
DA:40,0
DA:41,0
LF:15
LH:0
end_of_record
SF:lib/src/features/todo/presentation/widgets/custom_dialog_widget.dart
DA:12,0
DA:21,0
DA:23,0
DA:29,0
DA:30,0
DA:33,0
DA:34,0
DA:37,0
DA:38,0
DA:39,0
DA:40,0
DA:42,0
DA:43,0
DA:44,0
DA:45,0
DA:46,0
DA:47,0
DA:48,0
DA:50,0
DA:51,0
DA:57,0
DA:58,0
DA:59,0
DA:61,0
DA:62,0
DA:63,0
DA:64,0
DA:65,0
DA:68,0
DA:69,0
LF:30
LH:0
end_of_record
SF:lib/src/features/todo/presentation/widgets/empty_list_widget.dart
DA:5,1
DA:9,0
DA:11,0
DA:12,0
DA:14,0
DA:15,0
DA:17,0
DA:20,0
DA:22,0
DA:24,0
LF:10
LH:1
end_of_record
SF:lib/src/features/todo/presentation/widgets/list_card_widget.dart
DA:7,0
DA:14,0
DA:16,0
DA:18,0
DA:19,0
DA:20,0
DA:21,0
DA:22,0
DA:23,0
DA:29,0
DA:31,0
DA:32,0
DA:33,0
LF:13
LH:0
end_of_record
SF:lib/src/features/users/presentation/pages/users_page.dart
DA:12,1
DA:14,0
DA:16,0
DA:17,0
DA:25,0
DA:27,0
DA:28,0
DA:31,0
DA:33,0
DA:34,0
DA:35,0
DA:38,0
DA:40,0
DA:41,0
DA:42,0
DA:43,0
DA:44,0
DA:45,0
DA:46,0
DA:47,0
DA:48,0
DA:49,0
DA:53,0
DA:58,0
DA:59,0
DA:60,0
DA:61,0
DA:62,0
DA:64,0
DA:72,0
DA:73,0
DA:75,0
DA:81,0
DA:82,0
DA:83,0
DA:88,0
DA:92,0
DA:94,0
DA:95,0
DA:96,0
DA:102,0
DA:103,0
DA:104,0
DA:105,0
DA:106,0
DA:107,0
DA:110,0
DA:111,0
DA:114,0
DA:117,0
LF:50
LH:1
end_of_record
SF:lib/src/features/users/presentation/widgets/empty_list_widget.dart
DA:5,1
DA:9,0
DA:11,0
DA:12,0
DA:14,0
DA:15,0
DA:17,0
DA:20,0
DA:22,0
DA:24,0
LF:10
LH:1
end_of_record
SF:lib/src/features/users/presentation/widgets/error_list_widget.dart
DA:7,0
DA:12,0
DA:14,0
DA:15,0
DA:17,0
DA:30,0
DA:31,0
LF:7
LH:0
end_of_record
SF:lib/src/features/users/presentation/widgets/users_card_widget.dart
DA:8,0
DA:14,0
DA:16,0
DA:18,0
DA:19,0
DA:20,0
DA:23,0
DA:24,0
DA:27,0
DA:28,0
DA:31,0
LF:11
LH:0
end_of_record
SF:lib/src/home/presentation/pages/home_page.dart
DA:8,1
DA:10,0
DA:12,0
DA:13,0
DA:23,0
DA:25,0
DA:28,0
DA:30,0
DA:32,0
DA:33,0
DA:35,0
DA:46,0
DA:47,0
DA:52,0
DA:53,0
DA:54,0
LF:16
LH:1
end_of_record
SF:lib/src/login/presentation/pages/login_page.dart
DA:7,1
DA:9,0
DA:11,0
DA:12,0
DA:16,0
DA:18,0
DA:21,0
DA:23,0
DA:25,0
DA:26,0
DA:31,0
DA:33,0
DA:34,0
DA:35,0
DA:39,0
DA:40,0
DA:41,0
DA:42,0
DA:43,0
DA:44,0
DA:63,0
DA:64,0
DA:65,0
DA:66,0
DA:67,0
LF:25
LH:1
end_of_record
SF:lib/src/providers/network/data/datasources/dio_interceptors.dart
DA:13,0
DA:15,0
DA:16,0
DA:18,0
DA:19,0
DA:20,0
DA:21,0
DA:22,0
DA:23,0
DA:26,0
DA:28,0
DA:33,0
DA:36,0
DA:41,0
DA:42,0
DA:43,0
DA:44,0
DA:47,0
DA:49,0
DA:52,0
DA:55,0
DA:59,0
DA:61,0
DA:62,0
DA:63,0
DA:64,0
DA:66,0
DA:69,0
DA:70,0
DA:71,0
DA:72,0
DA:75,0
DA:79,0
DA:80,0
DA:81,0
DA:82,0
DA:84,0
DA:89,0
DA:91,0
DA:94,0
LF:40
LH:0
end_of_record
